<component name="libraryTable">
  <library name="junit-4">
    <CLASSES>
      <root url="file://D:/Developer/Java/lib/junit-4.11" />
      <root url="jar://D:/Developer/Java/lib/hamcrest-core-1.3/hamcrest-core-1.3.jar!/" />
    </CLASSES>
    <JAVADOC>
      <root url="jar://D:/Developer/Java/lib/hamcrest-core-1.3/hamcrest-core-1.3-javadoc.jar!/" />
      <root url="jar://D:/Developer/Java/lib/junit-4.11/junit-4.11-javadoc.jar!/" />
    </JAVADOC>
    <SOURCES>
      <root url="file://D:/Developer/Java/lib/junit-4.11" />
      <root url="jar://D:/Developer/Java/lib/hamcrest-core-1.3/hamcrest-core-1.3-sources.jar!/" />
    </SOURCES>
    <jarDirectory url="file://D:/Developer/Java/lib/junit-4.11" recursive="false" />
    <jarDirectory url="file://D:/Developer/Java/lib/junit-4.11" recursive="false" type="SOURCES" />
  </library>
</component>